<?xml version="1.0" encoding="UTF-8"?>
<testsuite name="de.nitrobox.service.simple.rest.SimpleResourceTest" tests="1" skipped="0" failures="0" errors="0" timestamp="2019-11-27T09:43:42" hostname="MaXps" time="0.188">
  <properties/>
  <testcase name="sanityTest()" classname="de.nitrobox.service.simple.rest.SimpleResourceTest" time="0.188"/>
  <system-out><![CDATA[2019-11-27 10:43:37.290  INFO   --- [    Test worker] .b.t.a.w.s.WebMvcTestContextBootstrapper : Neither @ContextConfiguration nor @ContextHierarchy found for test class [de.nitrobox.service.simple.rest.SimpleResourceTest], using SpringBootContextLoader
2019-11-27 10:43:37.311  INFO   --- [    Test worker] o.s.t.c.support.AbstractContextLoader    : Could not detect default resource locations for test class [de.nitrobox.service.simple.rest.SimpleResourceTest]: no resource found for suffixes {-context.xml, Context.groovy}.
2019-11-27 10:43:37.314  INFO   --- [    Test worker] t.c.s.AnnotationConfigContextLoaderUtils : Could not detect default configuration classes for test class [de.nitrobox.service.simple.rest.SimpleResourceTest]: SimpleResourceTest does not declare any static, non-private, non-final, nested classes annotated with @Configuration.
2019-11-27 10:43:37.599  INFO   --- [    Test worker] .b.t.c.SpringBootTestContextBootstrapper : Found @SpringBootConfiguration de.nitrobox.service.simple.Application for test class de.nitrobox.service.simple.rest.SimpleResourceTest
2019-11-27 10:43:37.602  INFO   --- [    Test worker] .b.t.a.w.s.WebMvcTestContextBootstrapper : Loaded default TestExecutionListener class names from location [META-INF/spring.factories]: [org.springframework.boot.test.autoconfigure.restdocs.RestDocsTestExecutionListener, org.springframework.boot.test.autoconfigure.web.client.MockRestServiceServerResetTestExecutionListener, org.springframework.boot.test.autoconfigure.web.servlet.MockMvcPrintOnlyOnFailureTestExecutionListener, org.springframework.boot.test.autoconfigure.web.servlet.WebDriverTestExecutionListener, org.springframework.boot.test.mock.mockito.MockitoTestExecutionListener, org.springframework.boot.test.mock.mockito.ResetMocksTestExecutionListener, org.springframework.test.context.web.ServletTestExecutionListener, org.springframework.test.context.support.DirtiesContextBeforeModesTestExecutionListener, org.springframework.test.context.support.DependencyInjectionTestExecutionListener, org.springframework.test.context.support.DirtiesContextTestExecutionListener, org.springframework.test.context.transaction.TransactionalTestExecutionListener, org.springframework.test.context.jdbc.SqlScriptsTestExecutionListener, org.springframework.test.context.event.EventPublishingTestExecutionListener]
2019-11-27 10:43:37.628  INFO   --- [    Test worker] .b.t.a.w.s.WebMvcTestContextBootstrapper : Using TestExecutionListeners: [org.springframework.test.context.web.ServletTestExecutionListener@41a06cbb, org.springframework.test.context.support.DirtiesContextBeforeModesTestExecutionListener@752eb15, org.springframework.boot.test.mock.mockito.MockitoTestExecutionListener@8efa33c, org.springframework.boot.test.autoconfigure.SpringBootDependencyInjectionTestExecutionListener@2489f1ba, org.springframework.test.context.support.DirtiesContextTestExecutionListener@660e8424, org.springframework.test.context.event.EventPublishingTestExecutionListener@7614c1b3, org.springframework.boot.test.autoconfigure.restdocs.RestDocsTestExecutionListener@3177a0e, org.springframework.boot.test.autoconfigure.web.client.MockRestServiceServerResetTestExecutionListener@68784ff7, org.springframework.boot.test.autoconfigure.web.servlet.MockMvcPrintOnlyOnFailureTestExecutionListener@7a45d978, org.springframework.boot.test.autoconfigure.web.servlet.WebDriverTestExecutionListener@2a8c86da, org.springframework.boot.test.mock.mockito.ResetMocksTestExecutionListener@12734e8f]
2019-11-27 10:43:38.872  INFO [-,,,] 22248 --- [    Test worker] trationDelegate$BeanPostProcessorChecker : Bean 'configurationPropertiesRebinderAutoConfiguration' of type [org.springframework.cloud.autoconfigure.ConfigurationPropertiesRebinderAutoConfiguration$$EnhancerBySpringCGLIB$$5de4b1a1] is not eligible for getting processed by all BeanPostProcessors (for example: not eligible for auto-proxying)

  .   ____          _            __ _ _
 /\\ / ___'_ __ _ _(_)_ __  __ _ \ \ \ \
( ( )\___ | '_ | '_| | '_ \/ _` | \ \ \ \
 \\/  ___)| |_)| | | | | || (_| |  ) ) ) )
  '  |____| .__|_| |_|_| |_\__, | / / / /
 =========|_|==============|___/=/_/_/_/
 :: Spring Boot ::        (v2.2.1.RELEASE)

2019-11-27 10:43:39.142  INFO [-,,,] 22248 --- [    Test worker] d.n.s.simple.rest.SimpleResourceTest     : No active profile set, falling back to default profiles: default
2019-11-27 10:43:41.020  INFO [-,,,] 22248 --- [    Test worker] o.s.s.concurrent.ThreadPoolTaskExecutor  : Initializing ExecutorService 'applicationTaskExecutor'
2019-11-27 10:43:42.102  INFO [-,,,] 22248 --- [    Test worker] .s.s.UserDetailsServiceAutoConfiguration : 

Using generated security password: 98e561de-6236-4f4c-b2bf-72364594f054

2019-11-27 10:43:42.324  INFO [-,,,] 22248 --- [    Test worker] o.s.s.web.DefaultSecurityFilterChain     : Creating filter chain: any request, [org.springframework.security.web.context.request.async.WebAsyncManagerIntegrationFilter@3fd70d1e, org.springframework.security.web.context.SecurityContextPersistenceFilter@338d498e, org.springframework.security.web.header.HeaderWriterFilter@70c7c73f, org.springframework.security.web.authentication.logout.LogoutFilter@512ca151, org.springframework.security.web.authentication.www.BasicAuthenticationFilter@4bc34ff4, org.springframework.security.web.savedrequest.RequestCacheAwareFilter@2896cda6, org.springframework.security.web.servletapi.SecurityContextHolderAwareRequestFilter@6090ed1b, org.springframework.security.web.authentication.AnonymousAuthenticationFilter@5111051e, org.springframework.security.web.session.SessionManagementFilter@11a4531a, org.springframework.security.web.access.ExceptionTranslationFilter@4f8d8f35]
2019-11-27 10:43:42.390  INFO [-,,,] 22248 --- [    Test worker] o.s.b.t.m.w.SpringBootMockServletContext : Initializing Spring TestDispatcherServlet ''
2019-11-27 10:43:42.391  INFO [-,,,] 22248 --- [    Test worker] o.s.t.web.servlet.TestDispatcherServlet  : Initializing Servlet ''
2019-11-27 10:43:42.410  INFO [-,,,] 22248 --- [    Test worker] o.s.t.web.servlet.TestDispatcherServlet  : Completed initialization in 19 ms
2019-11-27 10:43:42.442  INFO [-,,,] 22248 --- [    Test worker] d.n.s.simple.rest.SimpleResourceTest     : Started SimpleResourceTest in 4.532 seconds (JVM running for 7.208)
]]></system-out>
  <system-err><![CDATA[]]></system-err>
</testsuite>
